Running: /opt/Xilinx/14.7/ISE_DS/ISE/bin/lin64/unwrapped/fuse -intstyle ise -incremental -o /home/ise/my_shared_folder/Rep-EIT-VHDL-SDL/assignments/direct/tb_round_isim_beh.exe -prj /home/ise/my_shared_folder/Rep-EIT-VHDL-SDL/assignments/direct/tb_round_beh.prj work.tb_round 
ISim P.20131013 (signature 0xfbc00daa)
Number of CPUs detected in this system: 1
Turning on mult-threading, number of parallel sub-compilation jobs: 0 
Determining compilation order of HDL files
Parsing VHDL file "/home/ise/my_shared_folder/Rep-EIT-VHDL-SDL/assignments/direct/xorop.vhd" into library work
Parsing VHDL file "/home/ise/my_shared_folder/Rep-EIT-VHDL-SDL/assignments/direct/mulop.vhd" into library work
Parsing VHDL file "/home/ise/my_shared_folder/Rep-EIT-VHDL-SDL/assignments/direct/addop.vhd" into library work
Parsing VHDL file "/home/ise/my_shared_folder/Rep-EIT-VHDL-SDL/assignments/direct/round.vhd" into library work
Parsing VHDL file "/home/ise/my_shared_folder/Rep-EIT-VHDL-SDL/assignments/direct/tb_round.vhd" into library work
Starting static elaboration
Completed static elaboration
Fuse Memory Usage: 96916 KB
Fuse CPU Usage: 710 ms
Compiling package standard
Compiling package std_logic_1164
Compiling package std_logic_arith
Compiling package std_logic_unsigned
Compiling architecture behavioral of entity mulop [mulop_default]
Compiling architecture behavioral of entity addop [addop_default]
Compiling architecture behavioral of entity xorop [xorop_default]
Compiling architecture behavioral of entity round [round_default]
Compiling architecture behavior of entity tb_round
Time Resolution for simulation is 1ps.
Compiled 13 VHDL Units
Built simulation executable /home/ise/my_shared_folder/Rep-EIT-VHDL-SDL/assignments/direct/tb_round_isim_beh.exe
Fuse Memory Usage: 112120 KB
Fuse CPU Usage: 1020 ms
GCC CPU Usage: 610 ms
