--------------------------------------------------------------------------------
Release 14.7 Trace  (lin64)
Copyright (c) 1995-2013 Xilinx, Inc.  All rights reserved.

/nas/ei/share/tools/xilinx/ise/14.7/ISE_DS/ISE/bin/lin64/unwrapped/trce
-intstyle ise -v 3 -s 4 -n 3 -fastpaths -xml idea_com.twx idea_com.ncd -o
idea_com.twr idea_com.pcf -ucf idea_hw.ucf

Design file:              idea_com.ncd
Physical constraint file: idea_com.pcf
Device,package,speed:     xc3s500e,fg320,-4 (PRODUCTION 1.27 2013-10-13)
Report level:             verbose report

Environment Variable      Effect 
--------------------      ------ 
NONE                      No environment variables were set
--------------------------------------------------------------------------------

INFO:Timing:3412 - To improve timing, see the Timing Closure User Guide (UG612).
INFO:Timing:2752 - To get complete path coverage, use the unconstrained paths 
   option. All paths that are not constrained will be reported in the 
   unconstrained paths section(s) of the report.
INFO:Timing:3339 - The clock-to-out numbers in this timing report are based on 
   a 50 Ohm transmission line loading model.  For the details of this model, 
   and for more information on accounting for different loading conditions, 
   please see the device datasheet.
INFO:Timing:3390 - This architecture does not support a default System Jitter 
   value, please add SYSTEM_JITTER constraint to the UCF to modify the Clock 
   Uncertainty calculation.
INFO:Timing:3389 - This architecture does not support 'Discrete Jitter' and 
   'Phase Error' calculations, these terms will be zero in the Clock 
   Uncertainty calculation.  Please make appropriate modification to 
   SYSTEM_JITTER to account for the unsupported Discrete Jitter and Phase 
   Error.

================================================================================
Timing constraint: NET "Clk_BUFGP/IBUFG" PERIOD = 20 ns HIGH 40%;
For more information, see Period Analysis in the Timing Closure User Guide (UG612).

 2607 paths analyzed, 112 endpoints analyzed, 0 failing endpoints
 0 timing errors detected. (0 setup errors, 0 hold errors, 0 component switching limit errors)
 Minimum period is   7.421ns.
--------------------------------------------------------------------------------

Paths for end point clk_div_1/counter_20 (SLICE_X49Y86.SR), 63 paths
--------------------------------------------------------------------------------
Slack (setup path):     12.579ns (requirement - (data path - clock path skew + uncertainty))
  Source:               clk_div_1/counter_3 (FF)
  Destination:          clk_div_1/counter_20 (FF)
  Requirement:          20.000ns
  Data Path Delay:      7.421ns (Levels of Logic = 7)
  Clock Path Skew:      0.000ns
  Source Clock:         Clk_BUFGP rising at 0.000ns
  Destination Clock:    Clk_BUFGP rising at 20.000ns
  Clock Uncertainty:    0.000ns

  Maximum Data Path: clk_div_1/counter_3 to clk_div_1/counter_20
    Location             Delay type         Delay(ns)  Physical Resource
                                                       Logical Resource(s)
    -------------------------------------------------  -------------------
    SLICE_X49Y77.YQ      Tcko                  0.587   clk_div_1/counter<2>
                                                       clk_div_1/counter_3
    SLICE_X50Y81.G3      net (fanout=3)        1.220   clk_div_1/counter<3>
    SLICE_X50Y81.COUT    Topcyg                1.131   clk_div_1/Mcompar_CLK_OUT_cmp_lt0001_cy<1>
                                                       clk_div_1/Mcompar_CLK_OUT_cmp_lt0001_lut<1>
                                                       clk_div_1/Mcompar_CLK_OUT_cmp_lt0001_cy<1>
    SLICE_X50Y82.CIN     net (fanout=1)        0.000   clk_div_1/Mcompar_CLK_OUT_cmp_lt0001_cy<1>
    SLICE_X50Y82.COUT    Tbyp                  0.130   clk_div_1/Mcompar_CLK_OUT_cmp_lt0001_cy<3>
                                                       clk_div_1/Mcompar_CLK_OUT_cmp_lt0001_cy<2>
                                                       clk_div_1/Mcompar_CLK_OUT_cmp_lt0001_cy<3>
    SLICE_X50Y83.CIN     net (fanout=1)        0.000   clk_div_1/Mcompar_CLK_OUT_cmp_lt0001_cy<3>
    SLICE_X50Y83.COUT    Tbyp                  0.130   clk_div_1/Mcompar_CLK_OUT_cmp_lt0001_cy<5>
                                                       clk_div_1/Mcompar_CLK_OUT_cmp_lt0001_cy<4>
                                                       clk_div_1/Mcompar_CLK_OUT_cmp_lt0001_cy<5>
    SLICE_X50Y84.CIN     net (fanout=1)        0.000   clk_div_1/Mcompar_CLK_OUT_cmp_lt0001_cy<5>
    SLICE_X50Y84.COUT    Tbyp                  0.130   clk_div_1/Mcompar_CLK_OUT_cmp_lt0001_cy<7>
                                                       clk_div_1/Mcompar_CLK_OUT_cmp_lt0001_cy<6>
                                                       clk_div_1/Mcompar_CLK_OUT_cmp_lt0001_cy<7>
    SLICE_X50Y85.CIN     net (fanout=1)        0.000   clk_div_1/Mcompar_CLK_OUT_cmp_lt0001_cy<7>
    SLICE_X50Y85.COUT    Tbyp                  0.130   clk_div_1/Mcompar_CLK_OUT_cmp_lt0001_cy<9>
                                                       clk_div_1/Mcompar_CLK_OUT_cmp_lt0001_cy<8>
                                                       clk_div_1/Mcompar_CLK_OUT_cmp_lt0001_cy<9>
    SLICE_X50Y86.CIN     net (fanout=1)        0.000   clk_div_1/Mcompar_CLK_OUT_cmp_lt0001_cy<9>
    SLICE_X50Y86.COUT    Tbyp                  0.130   clk_div_1/Mcompar_CLK_OUT_cmp_lt0001_cy<11>
                                                       clk_div_1/Mcompar_CLK_OUT_cmp_lt0001_cy<10>
                                                       clk_div_1/Mcompar_CLK_OUT_cmp_lt0001_cy<11>
    SLICE_X48Y86.G1      net (fanout=2)        1.019   clk_div_1/Mcompar_CLK_OUT_cmp_lt0001_cy<11>
    SLICE_X48Y86.Y       Tilo                  0.759   clk_div_1/counter_and0000
                                                       clk_div_1/counter_and00001
    SLICE_X49Y86.SR      net (fanout=16)       1.145   clk_div_1/counter_and0000
    SLICE_X49Y86.CLK     Tsrck                 0.910   clk_div_1/counter<20>
                                                       clk_div_1/counter_20
    -------------------------------------------------  ---------------------------
    Total                                      7.421ns (4.037ns logic, 3.384ns route)
                                                       (54.4% logic, 45.6% route)

--------------------------------------------------------------------------------
Slack (setup path):     12.878ns (requirement - (data path - clock path skew + uncertainty))
  Source:               clk_div_1/counter_8 (FF)
  Destination:          clk_div_1/counter_20 (FF)
  Requirement:          20.000ns
  Data Path Delay:      7.122ns (Levels of Logic = 5)
  Clock Path Skew:      0.000ns
  Source Clock:         Clk_BUFGP rising at 0.000ns
  Destination Clock:    Clk_BUFGP rising at 20.000ns
  Clock Uncertainty:    0.000ns

  Maximum Data Path: clk_div_1/counter_8 to clk_div_1/counter_20
    Location             Delay type         Delay(ns)  Physical Resource
                                                       Logical Resource(s)
    -------------------------------------------------  -------------------
    SLICE_X49Y80.XQ      Tcko                  0.591   clk_div_1/counter<8>
                                                       clk_div_1/counter_8
    SLICE_X50Y83.G4      net (fanout=3)        1.177   clk_div_1/counter<8>
    SLICE_X50Y83.COUT    Topcyg                1.131   clk_div_1/Mcompar_CLK_OUT_cmp_lt0001_cy<5>
                                                       clk_div_1/Mcompar_CLK_OUT_cmp_lt0001_lut<5>
                                                       clk_div_1/Mcompar_CLK_OUT_cmp_lt0001_cy<5>
    SLICE_X50Y84.CIN     net (fanout=1)        0.000   clk_div_1/Mcompar_CLK_OUT_cmp_lt0001_cy<5>
    SLICE_X50Y84.COUT    Tbyp                  0.130   clk_div_1/Mcompar_CLK_OUT_cmp_lt0001_cy<7>
                                                       clk_div_1/Mcompar_CLK_OUT_cmp_lt0001_cy<6>
                                                       clk_div_1/Mcompar_CLK_OUT_cmp_lt0001_cy<7>
    SLICE_X50Y85.CIN     net (fanout=1)        0.000   clk_div_1/Mcompar_CLK_OUT_cmp_lt0001_cy<7>
    SLICE_X50Y85.COUT    Tbyp                  0.130   clk_div_1/Mcompar_CLK_OUT_cmp_lt0001_cy<9>
                                                       clk_div_1/Mcompar_CLK_OUT_cmp_lt0001_cy<8>
                                                       clk_div_1/Mcompar_CLK_OUT_cmp_lt0001_cy<9>
    SLICE_X50Y86.CIN     net (fanout=1)        0.000   clk_div_1/Mcompar_CLK_OUT_cmp_lt0001_cy<9>
    SLICE_X50Y86.COUT    Tbyp                  0.130   clk_div_1/Mcompar_CLK_OUT_cmp_lt0001_cy<11>
                                                       clk_div_1/Mcompar_CLK_OUT_cmp_lt0001_cy<10>
                                                       clk_div_1/Mcompar_CLK_OUT_cmp_lt0001_cy<11>
    SLICE_X48Y86.G1      net (fanout=2)        1.019   clk_div_1/Mcompar_CLK_OUT_cmp_lt0001_cy<11>
    SLICE_X48Y86.Y       Tilo                  0.759   clk_div_1/counter_and0000
                                                       clk_div_1/counter_and00001
    SLICE_X49Y86.SR      net (fanout=16)       1.145   clk_div_1/counter_and0000
    SLICE_X49Y86.CLK     Tsrck                 0.910   clk_div_1/counter<20>
                                                       clk_div_1/counter_20
    -------------------------------------------------  ---------------------------
    Total                                      7.122ns (3.781ns logic, 3.341ns route)
                                                       (53.1% logic, 46.9% route)

--------------------------------------------------------------------------------
Slack (setup path):     12.934ns (requirement - (data path - clock path skew + uncertainty))
  Source:               clk_div_1/counter_15 (FF)
  Destination:          clk_div_1/counter_20 (FF)
  Requirement:          20.000ns
  Data Path Delay:      7.066ns (Levels of Logic = 4)
  Clock Path Skew:      0.000ns
  Source Clock:         Clk_BUFGP rising at 0.000ns
  Destination Clock:    Clk_BUFGP rising at 20.000ns
  Clock Uncertainty:    0.000ns

  Maximum Data Path: clk_div_1/counter_15 to clk_div_1/counter_20
    Location             Delay type         Delay(ns)  Physical Resource
                                                       Logical Resource(s)
    -------------------------------------------------  -------------------
    SLICE_X49Y83.YQ      Tcko                  0.587   clk_div_1/counter<14>
                                                       clk_div_1/counter_15
    SLICE_X50Y84.F1      net (fanout=3)        1.224   clk_div_1/counter<15>
    SLICE_X50Y84.COUT    Topcyf                1.162   clk_div_1/Mcompar_CLK_OUT_cmp_lt0001_cy<7>
                                                       clk_div_1/Mcompar_CLK_OUT_cmp_lt0001_lut<6>
                                                       clk_div_1/Mcompar_CLK_OUT_cmp_lt0001_cy<6>
                                                       clk_div_1/Mcompar_CLK_OUT_cmp_lt0001_cy<7>
    SLICE_X50Y85.CIN     net (fanout=1)        0.000   clk_div_1/Mcompar_CLK_OUT_cmp_lt0001_cy<7>
    SLICE_X50Y85.COUT    Tbyp                  0.130   clk_div_1/Mcompar_CLK_OUT_cmp_lt0001_cy<9>
                                                       clk_div_1/Mcompar_CLK_OUT_cmp_lt0001_cy<8>
                                                       clk_div_1/Mcompar_CLK_OUT_cmp_lt0001_cy<9>
    SLICE_X50Y86.CIN     net (fanout=1)        0.000   clk_div_1/Mcompar_CLK_OUT_cmp_lt0001_cy<9>
    SLICE_X50Y86.COUT    Tbyp                  0.130   clk_div_1/Mcompar_CLK_OUT_cmp_lt0001_cy<11>
                                                       clk_div_1/Mcompar_CLK_OUT_cmp_lt0001_cy<10>
                                                       clk_div_1/Mcompar_CLK_OUT_cmp_lt0001_cy<11>
    SLICE_X48Y86.G1      net (fanout=2)        1.019   clk_div_1/Mcompar_CLK_OUT_cmp_lt0001_cy<11>
    SLICE_X48Y86.Y       Tilo                  0.759   clk_div_1/counter_and0000
                                                       clk_div_1/counter_and00001
    SLICE_X49Y86.SR      net (fanout=16)       1.145   clk_div_1/counter_and0000
    SLICE_X49Y86.CLK     Tsrck                 0.910   clk_div_1/counter<20>
                                                       clk_div_1/counter_20
    -------------------------------------------------  ---------------------------
    Total                                      7.066ns (3.678ns logic, 3.388ns route)
                                                       (52.1% logic, 47.9% route)

--------------------------------------------------------------------------------

Paths for end point clk_div_1/counter_21 (SLICE_X49Y86.SR), 63 paths
--------------------------------------------------------------------------------
Slack (setup path):     12.579ns (requirement - (data path - clock path skew + uncertainty))
  Source:               clk_div_1/counter_3 (FF)
  Destination:          clk_div_1/counter_21 (FF)
  Requirement:          20.000ns
  Data Path Delay:      7.421ns (Levels of Logic = 7)
  Clock Path Skew:      0.000ns
  Source Clock:         Clk_BUFGP rising at 0.000ns
  Destination Clock:    Clk_BUFGP rising at 20.000ns
  Clock Uncertainty:    0.000ns

  Maximum Data Path: clk_div_1/counter_3 to clk_div_1/counter_21
    Location             Delay type         Delay(ns)  Physical Resource
                                                       Logical Resource(s)
    -------------------------------------------------  -------------------
    SLICE_X49Y77.YQ      Tcko                  0.587   clk_div_1/counter<2>
                                                       clk_div_1/counter_3
    SLICE_X50Y81.G3      net (fanout=3)        1.220   clk_div_1/counter<3>
    SLICE_X50Y81.COUT    Topcyg                1.131   clk_div_1/Mcompar_CLK_OUT_cmp_lt0001_cy<1>
                                                       clk_div_1/Mcompar_CLK_OUT_cmp_lt0001_lut<1>
                                                       clk_div_1/Mcompar_CLK_OUT_cmp_lt0001_cy<1>
    SLICE_X50Y82.CIN     net (fanout=1)        0.000   clk_div_1/Mcompar_CLK_OUT_cmp_lt0001_cy<1>
    SLICE_X50Y82.COUT    Tbyp                  0.130   clk_div_1/Mcompar_CLK_OUT_cmp_lt0001_cy<3>
                                                       clk_div_1/Mcompar_CLK_OUT_cmp_lt0001_cy<2>
                                                       clk_div_1/Mcompar_CLK_OUT_cmp_lt0001_cy<3>
    SLICE_X50Y83.CIN     net (fanout=1)        0.000   clk_div_1/Mcompar_CLK_OUT_cmp_lt0001_cy<3>
    SLICE_X50Y83.COUT    Tbyp                  0.130   clk_div_1/Mcompar_CLK_OUT_cmp_lt0001_cy<5>
                                                       clk_div_1/Mcompar_CLK_OUT_cmp_lt0001_cy<4>
                                                       clk_div_1/Mcompar_CLK_OUT_cmp_lt0001_cy<5>
    SLICE_X50Y84.CIN     net (fanout=1)        0.000   clk_div_1/Mcompar_CLK_OUT_cmp_lt0001_cy<5>
    SLICE_X50Y84.COUT    Tbyp                  0.130   clk_div_1/Mcompar_CLK_OUT_cmp_lt0001_cy<7>
                                                       clk_div_1/Mcompar_CLK_OUT_cmp_lt0001_cy<6>
                                                       clk_div_1/Mcompar_CLK_OUT_cmp_lt0001_cy<7>
    SLICE_X50Y85.CIN     net (fanout=1)        0.000   clk_div_1/Mcompar_CLK_OUT_cmp_lt0001_cy<7>
    SLICE_X50Y85.COUT    Tbyp                  0.130   clk_div_1/Mcompar_CLK_OUT_cmp_lt0001_cy<9>
                                                       clk_div_1/Mcompar_CLK_OUT_cmp_lt0001_cy<8>
                                                       clk_div_1/Mcompar_CLK_OUT_cmp_lt0001_cy<9>
    SLICE_X50Y86.CIN     net (fanout=1)        0.000   clk_div_1/Mcompar_CLK_OUT_cmp_lt0001_cy<9>
    SLICE_X50Y86.COUT    Tbyp                  0.130   clk_div_1/Mcompar_CLK_OUT_cmp_lt0001_cy<11>
                                                       clk_div_1/Mcompar_CLK_OUT_cmp_lt0001_cy<10>
                                                       clk_div_1/Mcompar_CLK_OUT_cmp_lt0001_cy<11>
    SLICE_X48Y86.G1      net (fanout=2)        1.019   clk_div_1/Mcompar_CLK_OUT_cmp_lt0001_cy<11>
    SLICE_X48Y86.Y       Tilo                  0.759   clk_div_1/counter_and0000
                                                       clk_div_1/counter_and00001
    SLICE_X49Y86.SR      net (fanout=16)       1.145   clk_div_1/counter_and0000
    SLICE_X49Y86.CLK     Tsrck                 0.910   clk_div_1/counter<20>
                                                       clk_div_1/counter_21
    -------------------------------------------------  ---------------------------
    Total                                      7.421ns (4.037ns logic, 3.384ns route)
                                                       (54.4% logic, 45.6% route)

--------------------------------------------------------------------------------
Slack (setup path):     12.878ns (requirement - (data path - clock path skew + uncertainty))
  Source:               clk_div_1/counter_8 (FF)
  Destination:          clk_div_1/counter_21 (FF)
  Requirement:          20.000ns
  Data Path Delay:      7.122ns (Levels of Logic = 5)
  Clock Path Skew:      0.000ns
  Source Clock:         Clk_BUFGP rising at 0.000ns
  Destination Clock:    Clk_BUFGP rising at 20.000ns
  Clock Uncertainty:    0.000ns

  Maximum Data Path: clk_div_1/counter_8 to clk_div_1/counter_21
    Location             Delay type         Delay(ns)  Physical Resource
                                                       Logical Resource(s)
    -------------------------------------------------  -------------------
    SLICE_X49Y80.XQ      Tcko                  0.591   clk_div_1/counter<8>
                                                       clk_div_1/counter_8
    SLICE_X50Y83.G4      net (fanout=3)        1.177   clk_div_1/counter<8>
    SLICE_X50Y83.COUT    Topcyg                1.131   clk_div_1/Mcompar_CLK_OUT_cmp_lt0001_cy<5>
                                                       clk_div_1/Mcompar_CLK_OUT_cmp_lt0001_lut<5>
                                                       clk_div_1/Mcompar_CLK_OUT_cmp_lt0001_cy<5>
    SLICE_X50Y84.CIN     net (fanout=1)        0.000   clk_div_1/Mcompar_CLK_OUT_cmp_lt0001_cy<5>
    SLICE_X50Y84.COUT    Tbyp                  0.130   clk_div_1/Mcompar_CLK_OUT_cmp_lt0001_cy<7>
                                                       clk_div_1/Mcompar_CLK_OUT_cmp_lt0001_cy<6>
                                                       clk_div_1/Mcompar_CLK_OUT_cmp_lt0001_cy<7>
    SLICE_X50Y85.CIN     net (fanout=1)        0.000   clk_div_1/Mcompar_CLK_OUT_cmp_lt0001_cy<7>
    SLICE_X50Y85.COUT    Tbyp                  0.130   clk_div_1/Mcompar_CLK_OUT_cmp_lt0001_cy<9>
                                                       clk_div_1/Mcompar_CLK_OUT_cmp_lt0001_cy<8>
                                                       clk_div_1/Mcompar_CLK_OUT_cmp_lt0001_cy<9>
    SLICE_X50Y86.CIN     net (fanout=1)        0.000   clk_div_1/Mcompar_CLK_OUT_cmp_lt0001_cy<9>
    SLICE_X50Y86.COUT    Tbyp                  0.130   clk_div_1/Mcompar_CLK_OUT_cmp_lt0001_cy<11>
                                                       clk_div_1/Mcompar_CLK_OUT_cmp_lt0001_cy<10>
                                                       clk_div_1/Mcompar_CLK_OUT_cmp_lt0001_cy<11>
    SLICE_X48Y86.G1      net (fanout=2)        1.019   clk_div_1/Mcompar_CLK_OUT_cmp_lt0001_cy<11>
    SLICE_X48Y86.Y       Tilo                  0.759   clk_div_1/counter_and0000
                                                       clk_div_1/counter_and00001
    SLICE_X49Y86.SR      net (fanout=16)       1.145   clk_div_1/counter_and0000
    SLICE_X49Y86.CLK     Tsrck                 0.910   clk_div_1/counter<20>
                                                       clk_div_1/counter_21
    -------------------------------------------------  ---------------------------
    Total                                      7.122ns (3.781ns logic, 3.341ns route)
                                                       (53.1% logic, 46.9% route)

--------------------------------------------------------------------------------
Slack (setup path):     12.934ns (requirement - (data path - clock path skew + uncertainty))
  Source:               clk_div_1/counter_15 (FF)
  Destination:          clk_div_1/counter_21 (FF)
  Requirement:          20.000ns
  Data Path Delay:      7.066ns (Levels of Logic = 4)
  Clock Path Skew:      0.000ns
  Source Clock:         Clk_BUFGP rising at 0.000ns
  Destination Clock:    Clk_BUFGP rising at 20.000ns
  Clock Uncertainty:    0.000ns

  Maximum Data Path: clk_div_1/counter_15 to clk_div_1/counter_21
    Location             Delay type         Delay(ns)  Physical Resource
                                                       Logical Resource(s)
    -------------------------------------------------  -------------------
    SLICE_X49Y83.YQ      Tcko                  0.587   clk_div_1/counter<14>
                                                       clk_div_1/counter_15
    SLICE_X50Y84.F1      net (fanout=3)        1.224   clk_div_1/counter<15>
    SLICE_X50Y84.COUT    Topcyf                1.162   clk_div_1/Mcompar_CLK_OUT_cmp_lt0001_cy<7>
                                                       clk_div_1/Mcompar_CLK_OUT_cmp_lt0001_lut<6>
                                                       clk_div_1/Mcompar_CLK_OUT_cmp_lt0001_cy<6>
                                                       clk_div_1/Mcompar_CLK_OUT_cmp_lt0001_cy<7>
    SLICE_X50Y85.CIN     net (fanout=1)        0.000   clk_div_1/Mcompar_CLK_OUT_cmp_lt0001_cy<7>
    SLICE_X50Y85.COUT    Tbyp                  0.130   clk_div_1/Mcompar_CLK_OUT_cmp_lt0001_cy<9>
                                                       clk_div_1/Mcompar_CLK_OUT_cmp_lt0001_cy<8>
                                                       clk_div_1/Mcompar_CLK_OUT_cmp_lt0001_cy<9>
    SLICE_X50Y86.CIN     net (fanout=1)        0.000   clk_div_1/Mcompar_CLK_OUT_cmp_lt0001_cy<9>
    SLICE_X50Y86.COUT    Tbyp                  0.130   clk_div_1/Mcompar_CLK_OUT_cmp_lt0001_cy<11>
                                                       clk_div_1/Mcompar_CLK_OUT_cmp_lt0001_cy<10>
                                                       clk_div_1/Mcompar_CLK_OUT_cmp_lt0001_cy<11>
    SLICE_X48Y86.G1      net (fanout=2)        1.019   clk_div_1/Mcompar_CLK_OUT_cmp_lt0001_cy<11>
    SLICE_X48Y86.Y       Tilo                  0.759   clk_div_1/counter_and0000
                                                       clk_div_1/counter_and00001
    SLICE_X49Y86.SR      net (fanout=16)       1.145   clk_div_1/counter_and0000
    SLICE_X49Y86.CLK     Tsrck                 0.910   clk_div_1/counter<20>
                                                       clk_div_1/counter_21
    -------------------------------------------------  ---------------------------
    Total                                      7.066ns (3.678ns logic, 3.388ns route)
                                                       (52.1% logic, 47.9% route)

--------------------------------------------------------------------------------

Paths for end point clk_div_1/counter_22 (SLICE_X49Y87.SR), 63 paths
--------------------------------------------------------------------------------
Slack (setup path):     12.579ns (requirement - (data path - clock path skew + uncertainty))
  Source:               clk_div_1/counter_3 (FF)
  Destination:          clk_div_1/counter_22 (FF)
  Requirement:          20.000ns
  Data Path Delay:      7.421ns (Levels of Logic = 7)
  Clock Path Skew:      0.000ns
  Source Clock:         Clk_BUFGP rising at 0.000ns
  Destination Clock:    Clk_BUFGP rising at 20.000ns
  Clock Uncertainty:    0.000ns

  Maximum Data Path: clk_div_1/counter_3 to clk_div_1/counter_22
    Location             Delay type         Delay(ns)  Physical Resource
                                                       Logical Resource(s)
    -------------------------------------------------  -------------------
    SLICE_X49Y77.YQ      Tcko                  0.587   clk_div_1/counter<2>
                                                       clk_div_1/counter_3
    SLICE_X50Y81.G3      net (fanout=3)        1.220   clk_div_1/counter<3>
    SLICE_X50Y81.COUT    Topcyg                1.131   clk_div_1/Mcompar_CLK_OUT_cmp_lt0001_cy<1>
                                                       clk_div_1/Mcompar_CLK_OUT_cmp_lt0001_lut<1>
                                                       clk_div_1/Mcompar_CLK_OUT_cmp_lt0001_cy<1>
    SLICE_X50Y82.CIN     net (fanout=1)        0.000   clk_div_1/Mcompar_CLK_OUT_cmp_lt0001_cy<1>
    SLICE_X50Y82.COUT    Tbyp                  0.130   clk_div_1/Mcompar_CLK_OUT_cmp_lt0001_cy<3>
                                                       clk_div_1/Mcompar_CLK_OUT_cmp_lt0001_cy<2>
                                                       clk_div_1/Mcompar_CLK_OUT_cmp_lt0001_cy<3>
    SLICE_X50Y83.CIN     net (fanout=1)        0.000   clk_div_1/Mcompar_CLK_OUT_cmp_lt0001_cy<3>
    SLICE_X50Y83.COUT    Tbyp                  0.130   clk_div_1/Mcompar_CLK_OUT_cmp_lt0001_cy<5>
                                                       clk_div_1/Mcompar_CLK_OUT_cmp_lt0001_cy<4>
                                                       clk_div_1/Mcompar_CLK_OUT_cmp_lt0001_cy<5>
    SLICE_X50Y84.CIN     net (fanout=1)        0.000   clk_div_1/Mcompar_CLK_OUT_cmp_lt0001_cy<5>
    SLICE_X50Y84.COUT    Tbyp                  0.130   clk_div_1/Mcompar_CLK_OUT_cmp_lt0001_cy<7>
                                                       clk_div_1/Mcompar_CLK_OUT_cmp_lt0001_cy<6>
                                                       clk_div_1/Mcompar_CLK_OUT_cmp_lt0001_cy<7>
    SLICE_X50Y85.CIN     net (fanout=1)        0.000   clk_div_1/Mcompar_CLK_OUT_cmp_lt0001_cy<7>
    SLICE_X50Y85.COUT    Tbyp                  0.130   clk_div_1/Mcompar_CLK_OUT_cmp_lt0001_cy<9>
                                                       clk_div_1/Mcompar_CLK_OUT_cmp_lt0001_cy<8>
                                                       clk_div_1/Mcompar_CLK_OUT_cmp_lt0001_cy<9>
    SLICE_X50Y86.CIN     net (fanout=1)        0.000   clk_div_1/Mcompar_CLK_OUT_cmp_lt0001_cy<9>
    SLICE_X50Y86.COUT    Tbyp                  0.130   clk_div_1/Mcompar_CLK_OUT_cmp_lt0001_cy<11>
                                                       clk_div_1/Mcompar_CLK_OUT_cmp_lt0001_cy<10>
                                                       clk_div_1/Mcompar_CLK_OUT_cmp_lt0001_cy<11>
    SLICE_X48Y86.G1      net (fanout=2)        1.019   clk_div_1/Mcompar_CLK_OUT_cmp_lt0001_cy<11>
    SLICE_X48Y86.Y       Tilo                  0.759   clk_div_1/counter_and0000
                                                       clk_div_1/counter_and00001
    SLICE_X49Y87.SR      net (fanout=16)       1.145   clk_div_1/counter_and0000
    SLICE_X49Y87.CLK     Tsrck                 0.910   clk_div_1/counter<22>
                                                       clk_div_1/counter_22
    -------------------------------------------------  ---------------------------
    Total                                      7.421ns (4.037ns logic, 3.384ns route)
                                                       (54.4% logic, 45.6% route)

--------------------------------------------------------------------------------
Slack (setup path):     12.878ns (requirement - (data path - clock path skew + uncertainty))
  Source:               clk_div_1/counter_8 (FF)
  Destination:          clk_div_1/counter_22 (FF)
  Requirement:          20.000ns
  Data Path Delay:      7.122ns (Levels of Logic = 5)
  Clock Path Skew:      0.000ns
  Source Clock:         Clk_BUFGP rising at 0.000ns
  Destination Clock:    Clk_BUFGP rising at 20.000ns
  Clock Uncertainty:    0.000ns

  Maximum Data Path: clk_div_1/counter_8 to clk_div_1/counter_22
    Location             Delay type         Delay(ns)  Physical Resource
                                                       Logical Resource(s)
    -------------------------------------------------  -------------------
    SLICE_X49Y80.XQ      Tcko                  0.591   clk_div_1/counter<8>
                                                       clk_div_1/counter_8
    SLICE_X50Y83.G4      net (fanout=3)        1.177   clk_div_1/counter<8>
    SLICE_X50Y83.COUT    Topcyg                1.131   clk_div_1/Mcompar_CLK_OUT_cmp_lt0001_cy<5>
                                                       clk_div_1/Mcompar_CLK_OUT_cmp_lt0001_lut<5>
                                                       clk_div_1/Mcompar_CLK_OUT_cmp_lt0001_cy<5>
    SLICE_X50Y84.CIN     net (fanout=1)        0.000   clk_div_1/Mcompar_CLK_OUT_cmp_lt0001_cy<5>
    SLICE_X50Y84.COUT    Tbyp                  0.130   clk_div_1/Mcompar_CLK_OUT_cmp_lt0001_cy<7>
                                                       clk_div_1/Mcompar_CLK_OUT_cmp_lt0001_cy<6>
                                                       clk_div_1/Mcompar_CLK_OUT_cmp_lt0001_cy<7>
    SLICE_X50Y85.CIN     net (fanout=1)        0.000   clk_div_1/Mcompar_CLK_OUT_cmp_lt0001_cy<7>
    SLICE_X50Y85.COUT    Tbyp                  0.130   clk_div_1/Mcompar_CLK_OUT_cmp_lt0001_cy<9>
                                                       clk_div_1/Mcompar_CLK_OUT_cmp_lt0001_cy<8>
                                                       clk_div_1/Mcompar_CLK_OUT_cmp_lt0001_cy<9>
    SLICE_X50Y86.CIN     net (fanout=1)        0.000   clk_div_1/Mcompar_CLK_OUT_cmp_lt0001_cy<9>
    SLICE_X50Y86.COUT    Tbyp                  0.130   clk_div_1/Mcompar_CLK_OUT_cmp_lt0001_cy<11>
                                                       clk_div_1/Mcompar_CLK_OUT_cmp_lt0001_cy<10>
                                                       clk_div_1/Mcompar_CLK_OUT_cmp_lt0001_cy<11>
    SLICE_X48Y86.G1      net (fanout=2)        1.019   clk_div_1/Mcompar_CLK_OUT_cmp_lt0001_cy<11>
    SLICE_X48Y86.Y       Tilo                  0.759   clk_div_1/counter_and0000
                                                       clk_div_1/counter_and00001
    SLICE_X49Y87.SR      net (fanout=16)       1.145   clk_div_1/counter_and0000
    SLICE_X49Y87.CLK     Tsrck                 0.910   clk_div_1/counter<22>
                                                       clk_div_1/counter_22
    -------------------------------------------------  ---------------------------
    Total                                      7.122ns (3.781ns logic, 3.341ns route)
                                                       (53.1% logic, 46.9% route)

--------------------------------------------------------------------------------
Slack (setup path):     12.934ns (requirement - (data path - clock path skew + uncertainty))
  Source:               clk_div_1/counter_15 (FF)
  Destination:          clk_div_1/counter_22 (FF)
  Requirement:          20.000ns
  Data Path Delay:      7.066ns (Levels of Logic = 4)
  Clock Path Skew:      0.000ns
  Source Clock:         Clk_BUFGP rising at 0.000ns
  Destination Clock:    Clk_BUFGP rising at 20.000ns
  Clock Uncertainty:    0.000ns

  Maximum Data Path: clk_div_1/counter_15 to clk_div_1/counter_22
    Location             Delay type         Delay(ns)  Physical Resource
                                                       Logical Resource(s)
    -------------------------------------------------  -------------------
    SLICE_X49Y83.YQ      Tcko                  0.587   clk_div_1/counter<14>
                                                       clk_div_1/counter_15
    SLICE_X50Y84.F1      net (fanout=3)        1.224   clk_div_1/counter<15>
    SLICE_X50Y84.COUT    Topcyf                1.162   clk_div_1/Mcompar_CLK_OUT_cmp_lt0001_cy<7>
                                                       clk_div_1/Mcompar_CLK_OUT_cmp_lt0001_lut<6>
                                                       clk_div_1/Mcompar_CLK_OUT_cmp_lt0001_cy<6>
                                                       clk_div_1/Mcompar_CLK_OUT_cmp_lt0001_cy<7>
    SLICE_X50Y85.CIN     net (fanout=1)        0.000   clk_div_1/Mcompar_CLK_OUT_cmp_lt0001_cy<7>
    SLICE_X50Y85.COUT    Tbyp                  0.130   clk_div_1/Mcompar_CLK_OUT_cmp_lt0001_cy<9>
                                                       clk_div_1/Mcompar_CLK_OUT_cmp_lt0001_cy<8>
                                                       clk_div_1/Mcompar_CLK_OUT_cmp_lt0001_cy<9>
    SLICE_X50Y86.CIN     net (fanout=1)        0.000   clk_div_1/Mcompar_CLK_OUT_cmp_lt0001_cy<9>
    SLICE_X50Y86.COUT    Tbyp                  0.130   clk_div_1/Mcompar_CLK_OUT_cmp_lt0001_cy<11>
                                                       clk_div_1/Mcompar_CLK_OUT_cmp_lt0001_cy<10>
                                                       clk_div_1/Mcompar_CLK_OUT_cmp_lt0001_cy<11>
    SLICE_X48Y86.G1      net (fanout=2)        1.019   clk_div_1/Mcompar_CLK_OUT_cmp_lt0001_cy<11>
    SLICE_X48Y86.Y       Tilo                  0.759   clk_div_1/counter_and0000
                                                       clk_div_1/counter_and00001
    SLICE_X49Y87.SR      net (fanout=16)       1.145   clk_div_1/counter_and0000
    SLICE_X49Y87.CLK     Tsrck                 0.910   clk_div_1/counter<22>
                                                       clk_div_1/counter_22
    -------------------------------------------------  ---------------------------
    Total                                      7.066ns (3.678ns logic, 3.388ns route)
                                                       (52.1% logic, 47.9% route)

--------------------------------------------------------------------------------

Hold Paths: NET "Clk_BUFGP/IBUFG" PERIOD = 20 ns HIGH 40%;
--------------------------------------------------------------------------------

Paths for end point clk_div_1/counter_20 (SLICE_X49Y86.F3), 1 path
--------------------------------------------------------------------------------
Slack (hold path):      1.599ns (requirement - (clock path skew + uncertainty - data path))
  Source:               clk_div_1/counter_20 (FF)
  Destination:          clk_div_1/counter_20 (FF)
  Requirement:          0.000ns
  Data Path Delay:      1.599ns (Levels of Logic = 1)
  Clock Path Skew:      0.000ns
  Source Clock:         Clk_BUFGP rising at 20.000ns
  Destination Clock:    Clk_BUFGP rising at 20.000ns
  Clock Uncertainty:    0.000ns

  Minimum Data Path: clk_div_1/counter_20 to clk_div_1/counter_20
    Location             Delay type         Delay(ns)  Physical Resource
                                                       Logical Resource(s)
    -------------------------------------------------  -------------------
    SLICE_X49Y86.XQ      Tcko                  0.473   clk_div_1/counter<20>
                                                       clk_div_1/counter_20
    SLICE_X49Y86.F3      net (fanout=3)        0.325   clk_div_1/counter<20>
    SLICE_X49Y86.CLK     Tckf        (-Th)    -0.801   clk_div_1/counter<20>
                                                       clk_div_1/counter<20>_rt
                                                       clk_div_1/Mcount_counter_xor<20>
                                                       clk_div_1/counter_20
    -------------------------------------------------  ---------------------------
    Total                                      1.599ns (1.274ns logic, 0.325ns route)
                                                       (79.7% logic, 20.3% route)

--------------------------------------------------------------------------------

Paths for end point clk_div_1/counter_24 (SLICE_X49Y88.F3), 1 path
--------------------------------------------------------------------------------
Slack (hold path):      1.599ns (requirement - (clock path skew + uncertainty - data path))
  Source:               clk_div_1/counter_24 (FF)
  Destination:          clk_div_1/counter_24 (FF)
  Requirement:          0.000ns
  Data Path Delay:      1.599ns (Levels of Logic = 1)
  Clock Path Skew:      0.000ns
  Source Clock:         Clk_BUFGP rising at 20.000ns
  Destination Clock:    Clk_BUFGP rising at 20.000ns
  Clock Uncertainty:    0.000ns

  Minimum Data Path: clk_div_1/counter_24 to clk_div_1/counter_24
    Location             Delay type         Delay(ns)  Physical Resource
                                                       Logical Resource(s)
    -------------------------------------------------  -------------------
    SLICE_X49Y88.XQ      Tcko                  0.473   clk_div_1/counter<24>
                                                       clk_div_1/counter_24
    SLICE_X49Y88.F3      net (fanout=3)        0.325   clk_div_1/counter<24>
    SLICE_X49Y88.CLK     Tckf        (-Th)    -0.801   clk_div_1/counter<24>
                                                       clk_div_1/counter<24>_rt
                                                       clk_div_1/Mcount_counter_xor<24>
                                                       clk_div_1/counter_24
    -------------------------------------------------  ---------------------------
    Total                                      1.599ns (1.274ns logic, 0.325ns route)
                                                       (79.7% logic, 20.3% route)

--------------------------------------------------------------------------------

Paths for end point clk_div_1/counter_6 (SLICE_X49Y79.F4), 1 path
--------------------------------------------------------------------------------
Slack (hold path):      1.607ns (requirement - (clock path skew + uncertainty - data path))
  Source:               clk_div_1/counter_6 (FF)
  Destination:          clk_div_1/counter_6 (FF)
  Requirement:          0.000ns
  Data Path Delay:      1.607ns (Levels of Logic = 1)
  Clock Path Skew:      0.000ns
  Source Clock:         Clk_BUFGP rising at 20.000ns
  Destination Clock:    Clk_BUFGP rising at 20.000ns
  Clock Uncertainty:    0.000ns

  Minimum Data Path: clk_div_1/counter_6 to clk_div_1/counter_6
    Location             Delay type         Delay(ns)  Physical Resource
                                                       Logical Resource(s)
    -------------------------------------------------  -------------------
    SLICE_X49Y79.XQ      Tcko                  0.473   clk_div_1/counter<6>
                                                       clk_div_1/counter_6
    SLICE_X49Y79.F4      net (fanout=3)        0.333   clk_div_1/counter<6>
    SLICE_X49Y79.CLK     Tckf        (-Th)    -0.801   clk_div_1/counter<6>
                                                       clk_div_1/counter<6>_rt.1
                                                       clk_div_1/Mcount_counter_xor<6>
                                                       clk_div_1/counter_6
    -------------------------------------------------  ---------------------------
    Total                                      1.607ns (1.274ns logic, 0.333ns route)
                                                       (79.3% logic, 20.7% route)

--------------------------------------------------------------------------------

Component Switching Limit Checks: NET "Clk_BUFGP/IBUFG" PERIOD = 20 ns HIGH 40%;
--------------------------------------------------------------------------------
Slack: 17.935ns (period - (min high pulse limit / (high pulse / period)))
  Period: 20.000ns
  High pulse: 8.000ns
  High pulse limit: 0.826ns (Tch)
  Physical resource: clk_div_1/CLK_OUT1/CLK
  Logical resource: clk_div_1/CLK_OUT/CK
  Location pin: SLICE_X48Y87.CLK
  Clock network: Clk_BUFGP
--------------------------------------------------------------------------------
Slack: 18.005ns (period - (min high pulse limit / (high pulse / period)))
  Period: 20.000ns
  High pulse: 8.000ns
  High pulse limit: 0.798ns (Tch)
  Physical resource: clk_div_1/counter<0>/CLK
  Logical resource: clk_div_1/counter_0/CK
  Location pin: SLICE_X49Y76.CLK
  Clock network: Clk_BUFGP
--------------------------------------------------------------------------------
Slack: 18.005ns (period - (min high pulse limit / (high pulse / period)))
  Period: 20.000ns
  High pulse: 8.000ns
  High pulse limit: 0.798ns (Tch)
  Physical resource: clk_div_1/counter<0>/CLK
  Logical resource: clk_div_1/counter_1/CK
  Location pin: SLICE_X49Y76.CLK
  Clock network: Clk_BUFGP
--------------------------------------------------------------------------------


All constraints were met.


Data Sheet report:
-----------------
All values displayed in nanoseconds (ns)

Clock to Setup on destination clock Clk
---------------+---------+---------+---------+---------+
               | Src:Rise| Src:Fall| Src:Rise| Src:Fall|
Source Clock   |Dest:Rise|Dest:Rise|Dest:Fall|Dest:Fall|
---------------+---------+---------+---------+---------+
Clk            |    7.421|         |         |         |
---------------+---------+---------+---------+---------+


Timing summary:
---------------

Timing errors: 0  Score: 0  (Setup/Max: 0, Hold: 0)

Constraints cover 2607 paths, 0 nets, and 158 connections

Design statistics:
   Minimum period:   7.421ns{1}   (Maximum frequency: 134.753MHz)


------------------------------------Footnotes-----------------------------------
1)  The minimum period statistic assumes all single cycle delays.

Analysis completed Thu Dec 21 15:13:16 2023 
--------------------------------------------------------------------------------

Trace Settings:
-------------------------
Trace Settings 

Peak Memory Usage: 360 MB



